{"E:\\code\\GLANUM\\ts-express\\src\\routes\\index.ts": {"path":"E:\\code\\GLANUM\\ts-express\\src\\routes\\index.ts","statementMap":{"0":{"start":{"line":6,"column":15},"end":{"line":6,"column":31}},"1":{"start":{"line":7,"column":15},"end":{"line":7,"column":33}},"2":{"start":{"line":9,"column":0},"end":{"line":18,"column":3}},"3":{"start":{"line":11,"column":16},"end":{"line":13,"column":4}},"4":{"start":{"line":14,"column":2},"end":{"line":14,"column":34}},"5":{"start":{"line":20,"column":0},"end":{"line":32,"column":3}},"6":{"start":{"line":21,"column":2},"end":{"line":31,"column":3}},"7":{"start":{"line":22,"column":20},"end":{"line":22,"column":43}},"8":{"start":{"line":23,"column":17},"end":{"line":27,"column":6}},"9":{"start":{"line":28,"column":4},"end":{"line":28,"column":90}},"10":{"start":{"line":30,"column":4},"end":{"line":30,"column":81}},"11":{"start":{"line":34,"column":0},"end":{"line":47,"column":3}},"12":{"start":{"line":35,"column":2},"end":{"line":46,"column":3}},"13":{"start":{"line":36,"column":28},"end":{"line":36,"column":36}},"14":{"start":{"line":37,"column":20},"end":{"line":42,"column":6}},"15":{"start":{"line":43,"column":4},"end":{"line":43,"column":34}},"16":{"start":{"line":45,"column":4},"end":{"line":45,"column":81}},"17":{"start":{"line":49,"column":0},"end":{"line":58,"column":3}},"18":{"start":{"line":50,"column":2},"end":{"line":57,"column":3}},"19":{"start":{"line":51,"column":24},"end":{"line":53,"column":6}},"20":{"start":{"line":54,"column":4},"end":{"line":54,"column":38}},"21":{"start":{"line":56,"column":4},"end":{"line":56,"column":81}},"22":{"start":{"line":60,"column":0},"end":{"line":72,"column":3}},"23":{"start":{"line":61,"column":2},"end":{"line":71,"column":3}},"24":{"start":{"line":62,"column":20},"end":{"line":62,"column":43}},"25":{"start":{"line":63,"column":23},"end":{"line":67,"column":6}},"26":{"start":{"line":68,"column":4},"end":{"line":68,"column":37}},"27":{"start":{"line":70,"column":4},"end":{"line":70,"column":81}},"28":{"start":{"line":74,"column":0},"end":{"line":91,"column":3}},"29":{"start":{"line":75,"column":2},"end":{"line":90,"column":3}},"30":{"start":{"line":76,"column":34},"end":{"line":76,"column":42}},"31":{"start":{"line":77,"column":20},"end":{"line":77,"column":43}},"32":{"start":{"line":78,"column":23},"end":{"line":86,"column":6}},"33":{"start":{"line":87,"column":4},"end":{"line":87,"column":37}},"34":{"start":{"line":89,"column":4},"end":{"line":89,"column":81}}},"fnMap":{"0":{"name":"(anonymous_0)","decl":{"start":{"line":9,"column":24},"end":{"line":9,"column":25}},"loc":{"start":{"line":9,"column":78},"end":{"line":18,"column":1}},"line":9},"1":{"name":"(anonymous_1)","decl":{"start":{"line":20,"column":27},"end":{"line":20,"column":28}},"loc":{"start":{"line":20,"column":81},"end":{"line":32,"column":1}},"line":20},"2":{"name":"(anonymous_2)","decl":{"start":{"line":34,"column":27},"end":{"line":34,"column":28}},"loc":{"start":{"line":34,"column":81},"end":{"line":47,"column":1}},"line":34},"3":{"name":"(anonymous_3)","decl":{"start":{"line":49,"column":30},"end":{"line":49,"column":31}},"loc":{"start":{"line":49,"column":84},"end":{"line":58,"column":1}},"line":49},"4":{"name":"(anonymous_4)","decl":{"start":{"line":60,"column":33},"end":{"line":60,"column":34}},"loc":{"start":{"line":60,"column":87},"end":{"line":72,"column":1}},"line":60},"5":{"name":"(anonymous_5)","decl":{"start":{"line":74,"column":30},"end":{"line":74,"column":31}},"loc":{"start":{"line":74,"column":84},"end":{"line":91,"column":1}},"line":74}},"branchMap":{"0":{"loc":{"start":{"line":28,"column":4},"end":{"line":28,"column":89}},"type":"cond-expr","locations":[{"start":{"line":28,"column":11},"end":{"line":28,"column":37}},{"start":{"line":28,"column":40},"end":{"line":28,"column":89}}],"line":28}},"s":{"0":1,"1":1,"2":1,"3":1,"4":1,"5":1,"6":0,"7":0,"8":0,"9":0,"10":0,"11":1,"12":0,"13":0,"14":0,"15":0,"16":0,"17":1,"18":0,"19":0,"20":0,"21":0,"22":1,"23":0,"24":0,"25":0,"26":0,"27":0,"28":1,"29":0,"30":0,"31":0,"32":0,"33":0,"34":0},"f":{"0":1,"1":0,"2":0,"3":0,"4":0,"5":0},"b":{"0":[0,0]},"_coverageSchema":"1a1c01bbd47fc00a2c39e90264f33305004495a9","hash":"da84ba7a6d53d27b81351ccc86abec7129769cf2"}
,"E:\\code\\GLANUM\\ts-express\\src\\utils\\serverTest.ts": {"path":"E:\\code\\GLANUM\\ts-express\\src\\utils\\serverTest.ts","statementMap":{"0":{"start":{"line":4,"column":22},"end":{"line":11,"column":1}},"1":{"start":{"line":5,"column":14},"end":{"line":5,"column":23}},"2":{"start":{"line":6,"column":2},"end":{"line":6,"column":26}},"3":{"start":{"line":7,"column":2},"end":{"line":7,"column":28}},"4":{"start":{"line":8,"column":2},"end":{"line":8,"column":19}},"5":{"start":{"line":9,"column":2},"end":{"line":9,"column":17}},"6":{"start":{"line":10,"column":2},"end":{"line":10,"column":13}}},"fnMap":{"0":{"name":"(anonymous_0)","decl":{"start":{"line":4,"column":22},"end":{"line":4,"column":23}},"loc":{"start":{"line":4,"column":65},"end":{"line":11,"column":1}},"line":4}},"branchMap":{},"s":{"0":1,"1":1,"2":1,"3":1,"4":1,"5":1,"6":1},"f":{"0":1},"b":{},"_coverageSchema":"1a1c01bbd47fc00a2c39e90264f33305004495a9","hash":"363639e173bdceb4ce02a8c0e4cc1030c4d231b2"}
}
